<?xml version="1.0" encoding="UTF-8"?>
<!-- Generated by org.testng.reporters.JUnitReportReporter -->
<testsuite hostname="ENCDAPPUNLT0122" failures="0" tests="3" name="DynamicJson" time="1.970" errors="0" timestamp="2024-03-08T15:36:26 IST" skipped="0">
  <testcase classname="DynamicJson" name="addBook" time="0.206"/>
  <testcase classname="DynamicJson" name="addBook" time="0.191"/>
  <testcase classname="DynamicJson" name="addBook" time="1.573"/>
</testsuite> <!-- DynamicJson -->
